InventoryLodgingVersion2/InventoryLodgingAttempt1-master/app/build/intermediates/manifest_merge_blame_file/debug/manifest-merger-blame-debug-report.txt
1<?xml version="1.0" encoding="utf-8"?>
2<manifest xmlns:android="http://schemas.android.com/apk/res/android"
3    package="com.rkpandey.roomdatabase"
4    android:versionCode="1"
5    android:versionName="1.0" >
6
7    <uses-sdk
8        android:minSdkVersion="24"
9        android:targetSdkVersion="34" />
10
11    <!--
12    This is needed to write benchmark report data to an external directory during instrumented
13    tests to allow the accompanying androidx.benchmark gradle plugin to pull the reports onto host
14     machine after the tests are done running.
15    -->
16    <uses-permission android:name="android.permission.WRITE_EXTERNAL_STORAGE" />
16-->[androidx.benchmark:benchmark-common:1.2.4] AndroidManifest.xml:27:5-81
16-->[androidx.benchmark:benchmark-common:1.2.4] AndroidManifest.xml:27:22-78
17    <uses-permission android:name="android.permission.READ_EXTERNAL_STORAGE" />
18    <uses-permission android:name="android.permission.QUERY_ALL_PACKAGES" />
18-->[androidx.benchmark:benchmark-macro:1.2.4] AndroidManifest.xml:23:5-25:53
18-->[androidx.benchmark:benchmark-macro:1.2.4] AndroidManifest.xml:24:9-61
19    <!--
20         Internet permission is required for perfetto trace shell processor http server but
21        it's used to reach localhost only
22    -->
23    <uses-permission android:name="android.permission.INTERNET" />
23-->[androidx.benchmark:benchmark-macro:1.2.4] AndroidManifest.xml:31:5-67
23-->[androidx.benchmark:benchmark-macro:1.2.4] AndroidManifest.xml:31:22-64
24    <uses-permission android:name="android.permission.REORDER_TASKS" />
24-->[androidx.test:core:1.5.0] AndroidManifest.xml:24:5-72
24-->[androidx.test:core:1.5.0] AndroidManifest.xml:24:22-69
25
26    <permission
26-->[androidx.core:core:1.12.0] AndroidManifest.xml:22:5-24:47
27        android:name="com.rkpandey.roomdatabase.DYNAMIC_RECEIVER_NOT_EXPORTED_PERMISSION"
27-->[androidx.core:core:1.12.0] AndroidManifest.xml:23:9-81
28        android:protectionLevel="signature" />
28-->[androidx.core:core:1.12.0] AndroidManifest.xml:24:9-44
29
30    <uses-permission android:name="com.rkpandey.roomdatabase.DYNAMIC_RECEIVER_NOT_EXPORTED_PERMISSION" />
30-->[androidx.core:core:1.12.0] AndroidManifest.xml:26:5-97
30-->[androidx.core:core:1.12.0] AndroidManifest.xml:26:22-94
31
32    <application
32-->src\main\AndroidManifest.xml:5:5-27:19
33        android:allowBackup="true"
33-->src\main\AndroidManifest.xml:6:9-35
34        android:appComponentFactory="androidx.core.app.CoreComponentFactory"
34-->[androidx.core:core:1.12.0] AndroidManifest.xml:28:18-86
35        android:dataExtractionRules="@xml/data_extraction_rules"
35-->src\main\AndroidManifest.xml:7:9-65
36        android:debuggable="true"
37        android:extractNativeLibs="false"
38        android:fullBackupContent="@xml/backup_rules"
38-->src\main\AndroidManifest.xml:8:9-54
39        android:icon="@mipmap/ic_launcher"
39-->src\main\AndroidManifest.xml:9:9-43
40        android:label="@string/app_name"
40-->src\main\AndroidManifest.xml:10:9-41
41        android:networkSecurityConfig="@xml/network_security_config"
41-->[androidx.benchmark:benchmark-macro:1.2.4] AndroidManifest.xml:42:18-78
42        android:roundIcon="@mipmap/ic_launcher_round"
42-->src\main\AndroidManifest.xml:11:9-54
43        android:supportsRtl="true"
43-->src\main\AndroidManifest.xml:12:9-35
44        android:testOnly="true"
45        android:theme="@style/Theme.MySplashScreen" >
45-->src\main\AndroidManifest.xml:13:9-52
46        <activity
46-->src\main\AndroidManifest.xml:15:9-26:20
47            android:name="com.rkpandey.roomdatabase.MainActivity"
47-->src\main\AndroidManifest.xml:16:13-41
48            android:exported="true"
48-->src\main\AndroidManifest.xml:17:13-36
49            android:label="@string/app_name"
49-->src\main\AndroidManifest.xml:19:13-45
50            android:theme="@style/Theme.MySplashScreen"
50-->src\main\AndroidManifest.xml:20:13-56
51            android:windowSoftInputMode="adjustResize" >
51-->src\main\AndroidManifest.xml:18:13-55
52            <intent-filter>
52-->src\main\AndroidManifest.xml:21:13-25:29
53                <action android:name="android.intent.action.MAIN" />
53-->src\main\AndroidManifest.xml:22:17-69
53-->src\main\AndroidManifest.xml:22:25-66
54
55                <category android:name="android.intent.category.LAUNCHER" />
55-->src\main\AndroidManifest.xml:24:17-77
55-->src\main\AndroidManifest.xml:24:27-74
56            </intent-filter>
57        </activity>
58
59        <service
59-->[androidx.room:room-runtime:2.6.1] AndroidManifest.xml:24:9-28:63
60            android:name="androidx.room.MultiInstanceInvalidationService"
60-->[androidx.room:room-runtime:2.6.1] AndroidManifest.xml:25:13-74
61            android:directBootAware="true"
61-->[androidx.room:room-runtime:2.6.1] AndroidManifest.xml:26:13-43
62            android:exported="false" /> <!-- Activity used to block background content while benchmarks are running -->
62-->[androidx.room:room-runtime:2.6.1] AndroidManifest.xml:27:13-37
63        <activity
63-->[androidx.benchmark:benchmark-common:1.2.4] AndroidManifest.xml:32:9-36:20
64            android:name="androidx.benchmark.IsolationActivity"
64-->[androidx.benchmark:benchmark-common:1.2.4] AndroidManifest.xml:33:13-64
65            android:exported="true"
65-->[androidx.benchmark:benchmark-common:1.2.4] AndroidManifest.xml:34:13-36
66            android:theme="@android:style/Theme.Light.NoTitleBar.Fullscreen" >
66-->[androidx.benchmark:benchmark-common:1.2.4] AndroidManifest.xml:35:13-77
67        </activity>
68        <activity
68-->[androidx.test:core:1.5.0] AndroidManifest.xml:27:9-34:20
69            android:name="androidx.test.core.app.InstrumentationActivityInvoker$BootstrapActivity"
69-->[androidx.test:core:1.5.0] AndroidManifest.xml:28:13-99
70            android:exported="true"
70-->[androidx.test:core:1.5.0] AndroidManifest.xml:29:13-36
71            android:theme="@style/WhiteBackgroundTheme" >
71-->[androidx.test:core:1.5.0] AndroidManifest.xml:30:13-56
72            <intent-filter android:priority="-100" >
72-->[androidx.test:core:1.5.0] AndroidManifest.xml:31:13-33:29
72-->[androidx.test:core:1.5.0] AndroidManifest.xml:31:28-51
73                <category android:name="android.intent.category.LAUNCHER" />
73-->src\main\AndroidManifest.xml:24:17-77
73-->src\main\AndroidManifest.xml:24:27-74
74            </intent-filter>
75        </activity>
76        <activity
76-->[androidx.test:core:1.5.0] AndroidManifest.xml:35:9-42:20
77            android:name="androidx.test.core.app.InstrumentationActivityInvoker$EmptyActivity"
77-->[androidx.test:core:1.5.0] AndroidManifest.xml:36:13-95
78            android:exported="true"
78-->[androidx.test:core:1.5.0] AndroidManifest.xml:37:13-36
79            android:theme="@style/WhiteBackgroundTheme" >
79-->[androidx.test:core:1.5.0] AndroidManifest.xml:38:13-56
80            <intent-filter android:priority="-100" >
80-->[androidx.test:core:1.5.0] AndroidManifest.xml:31:13-33:29
80-->[androidx.test:core:1.5.0] AndroidManifest.xml:31:28-51
81                <category android:name="android.intent.category.LAUNCHER" />
81-->src\main\AndroidManifest.xml:24:17-77
81-->src\main\AndroidManifest.xml:24:27-74
82            </intent-filter>
83        </activity>
84        <activity
84-->[androidx.test:core:1.5.0] AndroidManifest.xml:43:9-50:20
85            android:name="androidx.test.core.app.InstrumentationActivityInvoker$EmptyFloatingActivity"
85-->[androidx.test:core:1.5.0] AndroidManifest.xml:44:13-103
86            android:exported="true"
86-->[androidx.test:core:1.5.0] AndroidManifest.xml:45:13-36
87            android:theme="@style/WhiteBackgroundDialogTheme" >
87-->[androidx.test:core:1.5.0] AndroidManifest.xml:46:13-62
88            <intent-filter android:priority="-100" >
88-->[androidx.test:core:1.5.0] AndroidManifest.xml:31:13-33:29
88-->[androidx.test:core:1.5.0] AndroidManifest.xml:31:28-51
89                <category android:name="android.intent.category.LAUNCHER" />
89-->src\main\AndroidManifest.xml:24:17-77
89-->src\main\AndroidManifest.xml:24:27-74
90            </intent-filter>
91        </activity>
92        <activity
92-->[androidx.compose.ui:ui-tooling-android:1.6.0] AndroidManifest.xml:23:9-25:39
93            android:name="androidx.compose.ui.tooling.PreviewActivity"
93-->[androidx.compose.ui:ui-tooling-android:1.6.0] AndroidManifest.xml:24:13-71
94            android:exported="true" />
94-->[androidx.compose.ui:ui-tooling-android:1.6.0] AndroidManifest.xml:25:13-36
95
96        <provider
96-->[androidx.emoji2:emoji2:1.3.0] AndroidManifest.xml:24:9-32:20
97            android:name="androidx.startup.InitializationProvider"
97-->[androidx.emoji2:emoji2:1.3.0] AndroidManifest.xml:25:13-67
98            android:authorities="com.rkpandey.roomdatabase.androidx-startup"
98-->[androidx.emoji2:emoji2:1.3.0] AndroidManifest.xml:26:13-68
99            android:exported="false" >
99-->[androidx.emoji2:emoji2:1.3.0] AndroidManifest.xml:27:13-37
100            <meta-data
100-->[androidx.emoji2:emoji2:1.3.0] AndroidManifest.xml:29:13-31:52
101                android:name="androidx.emoji2.text.EmojiCompatInitializer"
101-->[androidx.emoji2:emoji2:1.3.0] AndroidManifest.xml:30:17-75
102                android:value="androidx.startup" />
102-->[androidx.emoji2:emoji2:1.3.0] AndroidManifest.xml:31:17-49
103            <meta-data
103-->[androidx.lifecycle:lifecycle-process:2.8.4] AndroidManifest.xml:29:13-31:52
104                android:name="androidx.lifecycle.ProcessLifecycleInitializer"
104-->[androidx.lifecycle:lifecycle-process:2.8.4] AndroidManifest.xml:30:17-78
105                android:value="androidx.startup" />
105-->[androidx.lifecycle:lifecycle-process:2.8.4] AndroidManifest.xml:31:17-49
106            <meta-data
106-->[androidx.tracing:tracing-perfetto:1.0.0] AndroidManifest.xml:44:13-46:52
107                android:name="androidx.tracing.perfetto.StartupTracingInitializer"
107-->[androidx.tracing:tracing-perfetto:1.0.0] AndroidManifest.xml:45:17-83
108                android:value="androidx.startup" />
108-->[androidx.tracing:tracing-perfetto:1.0.0] AndroidManifest.xml:46:17-49
109            <meta-data
109-->[androidx.profileinstaller:profileinstaller:1.3.1] AndroidManifest.xml:29:13-31:52
110                android:name="androidx.profileinstaller.ProfileInstallerInitializer"
110-->[androidx.profileinstaller:profileinstaller:1.3.1] AndroidManifest.xml:30:17-85
111                android:value="androidx.startup" />
111-->[androidx.profileinstaller:profileinstaller:1.3.1] AndroidManifest.xml:31:17-49
112        </provider>
113
114        <activity
114-->[androidx.compose.ui:ui-test-manifest:1.6.0] AndroidManifest.xml:23:9-25:39
115            android:name="androidx.activity.ComponentActivity"
115-->[androidx.compose.ui:ui-test-manifest:1.6.0] AndroidManifest.xml:24:13-63
116            android:exported="true" />
116-->[androidx.compose.ui:ui-test-manifest:1.6.0] AndroidManifest.xml:25:13-36
117
118        <receiver
118-->[androidx.tracing:tracing-perfetto:1.0.0] AndroidManifest.xml:24:9-37:20
119            android:name="androidx.tracing.perfetto.TracingReceiver"
119-->[androidx.tracing:tracing-perfetto:1.0.0] AndroidManifest.xml:25:13-69
120            android:directBootAware="false"
120-->[androidx.tracing:tracing-perfetto:1.0.0] AndroidManifest.xml:26:13-44
121            android:enabled="true"
121-->[androidx.tracing:tracing-perfetto:1.0.0] AndroidManifest.xml:27:13-35
122            android:exported="true"
122-->[androidx.tracing:tracing-perfetto:1.0.0] AndroidManifest.xml:28:13-36
123            android:permission="android.permission.DUMP" >
123-->[androidx.tracing:tracing-perfetto:1.0.0] AndroidManifest.xml:29:13-57
124
125            <!-- Note: DUMP above highly limits who can call the receiver; Shell has DUMP perm. -->
126            <intent-filter>
126-->[androidx.tracing:tracing-perfetto:1.0.0] AndroidManifest.xml:32:13-36:29
127                <action android:name="androidx.tracing.perfetto.action.ENABLE_TRACING" />
127-->[androidx.tracing:tracing-perfetto:1.0.0] AndroidManifest.xml:33:17-90
127-->[androidx.tracing:tracing-perfetto:1.0.0] AndroidManifest.xml:33:25-87
128                <action android:name="androidx.tracing.perfetto.action.ENABLE_TRACING_COLD_START" />
128-->[androidx.tracing:tracing-perfetto:1.0.0] AndroidManifest.xml:34:17-101
128-->[androidx.tracing:tracing-perfetto:1.0.0] AndroidManifest.xml:34:25-98
129                <action android:name="androidx.tracing.perfetto.action.DISABLE_TRACING_COLD_START" />
129-->[androidx.tracing:tracing-perfetto:1.0.0] AndroidManifest.xml:35:17-102
129-->[androidx.tracing:tracing-perfetto:1.0.0] AndroidManifest.xml:35:25-99
130            </intent-filter>
131        </receiver>
132        <receiver
132-->[androidx.tracing:tracing-perfetto:1.0.0] AndroidManifest.xml:49:9-55:20
133            android:name="androidx.tracing.perfetto.StartupTracingConfigStoreIsEnabledGate"
133-->[androidx.tracing:tracing-perfetto:1.0.0] AndroidManifest.xml:50:13-92
134            android:directBootAware="false"
134-->[androidx.tracing:tracing-perfetto:1.0.0] AndroidManifest.xml:51:13-44
135            android:enabled="false"
135-->[androidx.tracing:tracing-perfetto:1.0.0] AndroidManifest.xml:52:13-36
136            android:exported="false" >
136-->[androidx.tracing:tracing-perfetto:1.0.0] AndroidManifest.xml:53:13-37
137        </receiver>
138        <receiver
138-->[androidx.profileinstaller:profileinstaller:1.3.1] AndroidManifest.xml:34:9-52:20
139            android:name="androidx.profileinstaller.ProfileInstallReceiver"
139-->[androidx.profileinstaller:profileinstaller:1.3.1] AndroidManifest.xml:35:13-76
140            android:directBootAware="false"
140-->[androidx.profileinstaller:profileinstaller:1.3.1] AndroidManifest.xml:36:13-44
141            android:enabled="true"
141-->[androidx.profileinstaller:profileinstaller:1.3.1] AndroidManifest.xml:37:13-35
142            android:exported="true"
142-->[androidx.profileinstaller:profileinstaller:1.3.1] AndroidManifest.xml:38:13-36
143            android:permission="android.permission.DUMP" >
143-->[androidx.profileinstaller:profileinstaller:1.3.1] AndroidManifest.xml:39:13-57
144            <intent-filter>
144-->[androidx.profileinstaller:profileinstaller:1.3.1] AndroidManifest.xml:40:13-42:29
145                <action android:name="androidx.profileinstaller.action.INSTALL_PROFILE" />
145-->[androidx.profileinstaller:profileinstaller:1.3.1] AndroidManifest.xml:41:17-91
145-->[androidx.profileinstaller:profileinstaller:1.3.1] AndroidManifest.xml:41:25-88
146            </intent-filter>
147            <intent-filter>
147-->[androidx.profileinstaller:profileinstaller:1.3.1] AndroidManifest.xml:43:13-45:29
148                <action android:name="androidx.profileinstaller.action.SKIP_FILE" />
148-->[androidx.profileinstaller:profileinstaller:1.3.1] AndroidManifest.xml:44:17-85
148-->[androidx.profileinstaller:profileinstaller:1.3.1] AndroidManifest.xml:44:25-82
149            </intent-filter>
150            <intent-filter>
150-->[androidx.profileinstaller:profileinstaller:1.3.1] AndroidManifest.xml:46:13-48:29
151                <action android:name="androidx.profileinstaller.action.SAVE_PROFILE" />
151-->[androidx.profileinstaller:profileinstaller:1.3.1] AndroidManifest.xml:47:17-88
151-->[androidx.profileinstaller:profileinstaller:1.3.1] AndroidManifest.xml:47:25-85
152            </intent-filter>
153            <intent-filter>
153-->[androidx.profileinstaller:profileinstaller:1.3.1] AndroidManifest.xml:49:13-51:29
154                <action android:name="androidx.profileinstaller.action.BENCHMARK_OPERATION" />
154-->[androidx.profileinstaller:profileinstaller:1.3.1] AndroidManifest.xml:50:17-95
154-->[androidx.profileinstaller:profileinstaller:1.3.1] AndroidManifest.xml:50:25-92
155            </intent-filter>
156        </receiver>
157    </application>
158
159</manifest>